<?xml version="1.0" encoding="UTF-8"?>
<coverage generated="1705334500243" clover="3.2.0">
  <project timestamp="1705334500243" name="All files">
    <metrics statements="21" coveredstatements="10" conditionals="11" coveredconditionals="3" methods="6" coveredmethods="3" elements="38" coveredelements="16" complexity="0" loc="21" ncloc="21" packages="1" files="1" classes="1"/>
    <file name="validations.js" path="C:\Users\MONA NAITMAZI\Downloads\devops-exam-2024\src\services\validations.js">
      <metrics statements="21" coveredstatements="10" conditionals="11" coveredconditionals="3" methods="6" coveredmethods="3"/>
      <line num="2" count="1" type="stmt"/>
      <line num="3" count="4" type="stmt"/>
      <line num="4" count="6" type="stmt"/>
      <line num="6" count="4" type="stmt"/>
      <line num="7" count="5" type="stmt"/>
      <line num="9" count="4" type="cond" truecount="3" falsecount="2"/>
      <line num="10" count="4" type="stmt"/>
      <line num="13" count="0" type="stmt"/>
      <line num="16" count="1" type="stmt"/>
      <line num="17" count="0" type="stmt"/>
      <line num="18" count="0" type="stmt"/>
      <line num="20" count="0" type="stmt"/>
      <line num="21" count="0" type="stmt"/>
      <line num="23" count="0" type="cond" truecount="0" falsecount="2"/>
      <line num="24" count="0" type="stmt"/>
      <line num="25" count="0" type="cond" truecount="0" falsecount="2"/>
      <line num="26" count="0" type="stmt"/>
      <line num="27" count="0" type="cond" truecount="0" falsecount="2"/>
      <line num="28" count="0" type="stmt"/>
      <line num="32" count="1" type="stmt"/>
      <line num="33" count="1" type="stmt"/>
    </file>
  </project>
</coverage>
