{"C:\\Users\\MONA NAITMAZI\\Downloads\\devops-exam-2024\\src\\services\\validations.js": {"path":"C:\\Users\\MONA NAITMAZI\\Downloads\\devops-exam-2024\\src\\services\\validations.js","statementMap":{"0":{"start":{"line":2,"column":16},"end":{"line":14,"column":1}},"1":{"start":{"line":3,"column":24},"end":{"line":3,"column":59}},"2":{"start":{"line":4,"column":26},"end":{"line":4,"column":76}},"3":{"start":{"line":4,"column":52},"end":{"line":4,"column":75}},"4":{"start":{"line":6,"column":26},"end":{"line":6,"column":76}},"5":{"start":{"line":7,"column":28},"end":{"line":7,"column":78}},"6":{"start":{"line":7,"column":55},"end":{"line":7,"column":77}},"7":{"start":{"line":9,"column":4},"end":{"line":11,"column":5}},"8":{"start":{"line":10,"column":8},"end":{"line":10,"column":21}},"9":{"start":{"line":13,"column":4},"end":{"line":13,"column":16}},"10":{"start":{"line":16,"column":20},"end":{"line":30,"column":1}},"11":{"start":{"line":17,"column":24},"end":{"line":17,"column":59}},"12":{"start":{"line":18,"column":26},"end":{"line":18,"column":76}},"13":{"start":{"line":18,"column":52},"end":{"line":18,"column":75}},"14":{"start":{"line":20,"column":26},"end":{"line":20,"column":76}},"15":{"start":{"line":21,"column":28},"end":{"line":21,"column":78}},"16":{"start":{"line":21,"column":55},"end":{"line":21,"column":77}},"17":{"start":{"line":23,"column":4},"end":{"line":29,"column":5}},"18":{"start":{"line":24,"column":8},"end":{"line":24,"column":73}},"19":{"start":{"line":25,"column":10},"end":{"line":29,"column":5}},"20":{"start":{"line":26,"column":8},"end":{"line":26,"column":78}},"21":{"start":{"line":27,"column":10},"end":{"line":29,"column":5}},"22":{"start":{"line":28,"column":8},"end":{"line":28,"column":67}},"23":{"start":{"line":32,"column":0},"end":{"line":32,"column":26}},"24":{"start":{"line":33,"column":0},"end":{"line":33,"column":34}}},"fnMap":{"0":{"name":"(anonymous_0)","decl":{"start":{"line":2,"column":16},"end":{"line":2,"column":17}},"loc":{"start":{"line":2,"column":30},"end":{"line":14,"column":1}},"line":2},"1":{"name":"(anonymous_1)","decl":{"start":{"line":4,"column":44},"end":{"line":4,"column":45}},"loc":{"start":{"line":4,"column":52},"end":{"line":4,"column":75}},"line":4},"2":{"name":"(anonymous_2)","decl":{"start":{"line":7,"column":48},"end":{"line":7,"column":49}},"loc":{"start":{"line":7,"column":55},"end":{"line":7,"column":77}},"line":7},"3":{"name":"(anonymous_3)","decl":{"start":{"line":16,"column":20},"end":{"line":16,"column":21}},"loc":{"start":{"line":16,"column":34},"end":{"line":30,"column":1}},"line":16},"4":{"name":"(anonymous_4)","decl":{"start":{"line":18,"column":44},"end":{"line":18,"column":45}},"loc":{"start":{"line":18,"column":52},"end":{"line":18,"column":75}},"line":18},"5":{"name":"(anonymous_5)","decl":{"start":{"line":21,"column":48},"end":{"line":21,"column":49}},"loc":{"start":{"line":21,"column":55},"end":{"line":21,"column":77}},"line":21}},"branchMap":{"0":{"loc":{"start":{"line":9,"column":4},"end":{"line":11,"column":5}},"type":"if","locations":[{"start":{"line":9,"column":4},"end":{"line":11,"column":5}},{"start":{},"end":{}}],"line":9},"1":{"loc":{"start":{"line":9,"column":7},"end":{"line":9,"column":64}},"type":"binary-expr","locations":[{"start":{"line":9,"column":7},"end":{"line":9,"column":26}},{"start":{"line":9,"column":30},"end":{"line":9,"column":44}},{"start":{"line":9,"column":48},"end":{"line":9,"column":64}}],"line":9},"2":{"loc":{"start":{"line":23,"column":4},"end":{"line":29,"column":5}},"type":"if","locations":[{"start":{"line":23,"column":4},"end":{"line":29,"column":5}},{"start":{"line":25,"column":10},"end":{"line":29,"column":5}}],"line":23},"3":{"loc":{"start":{"line":25,"column":10},"end":{"line":29,"column":5}},"type":"if","locations":[{"start":{"line":25,"column":10},"end":{"line":29,"column":5}},{"start":{"line":27,"column":10},"end":{"line":29,"column":5}}],"line":25},"4":{"loc":{"start":{"line":27,"column":10},"end":{"line":29,"column":5}},"type":"if","locations":[{"start":{"line":27,"column":10},"end":{"line":29,"column":5}},{"start":{},"end":{}}],"line":27}},"s":{"0":1,"1":4,"2":4,"3":6,"4":4,"5":4,"6":5,"7":4,"8":4,"9":0,"10":1,"11":0,"12":0,"13":0,"14":0,"15":0,"16":0,"17":0,"18":0,"19":0,"20":0,"21":0,"22":0,"23":1,"24":1},"f":{"0":4,"1":6,"2":5,"3":0,"4":0,"5":0},"b":{"0":[4,0],"1":[4,3,0],"2":[0,0],"3":[0,0],"4":[0,0]},"_coverageSchema":"1a1c01bbd47fc00a2c39e90264f33305004495a9","hash":"1e1aee5ad33fc5e56536d5c56ea5a4e5cb50de0d"}
}
