TN:
SF:src\services\validations.js
FN:2,(anonymous_0)
FN:4,(anonymous_1)
FN:7,(anonymous_2)
FN:16,(anonymous_3)
FN:18,(anonymous_4)
FN:21,(anonymous_5)
FNF:6
FNH:3
FNDA:4,(anonymous_0)
FNDA:6,(anonymous_1)
FNDA:5,(anonymous_2)
FNDA:0,(anonymous_3)
FNDA:0,(anonymous_4)
FNDA:0,(anonymous_5)
DA:2,1
DA:3,4
DA:4,6
DA:6,4
DA:7,5
DA:9,4
DA:10,4
DA:13,0
DA:16,1
DA:17,0
DA:18,0
DA:20,0
DA:21,0
DA:23,0
DA:24,0
DA:25,0
DA:26,0
DA:27,0
DA:28,0
DA:32,1
DA:33,1
LF:21
LH:10
BRDA:9,0,0,4
BRDA:9,0,1,0
BRDA:9,1,0,4
BRDA:9,1,1,3
BRDA:9,1,2,0
BRDA:23,2,0,0
BRDA:23,2,1,0
BRDA:25,3,0,0
BRDA:25,3,1,0
BRDA:27,4,0,0
BRDA:27,4,1,0
BRF:11
BRH:3
end_of_record
